  [1m[35m (4.6ms)[0m  [1m[35mCREATE TABLE "schema_migrations" ("version" varchar NOT NULL PRIMARY KEY)[0m
  [1m[35m (3.5ms)[0m  [1m[35mCREATE TABLE "ar_internal_metadata" ("key" varchar NOT NULL PRIMARY KEY, "value" varchar, "created_at" datetime(6) NOT NULL, "updated_at" datetime(6) NOT NULL)[0m
  [1m[36mActiveRecord::SchemaMigration Pluck (0.2ms)[0m  [1m[34mSELECT "schema_migrations"."version" FROM "schema_migrations" ORDER BY "schema_migrations"."version" ASC[0m
Migrating to CreateMessages (20230729130949)
  [1m[36mTRANSACTION (0.1ms)[0m  [1m[36mbegin transaction[0m
  [1m[35m (0.4ms)[0m  [1m[35mCREATE TABLE "messages" ("id" integer PRIMARY KEY AUTOINCREMENT NOT NULL, "name" varchar, "email" varchar, "description" text, "created_at" datetime(6) NOT NULL, "updated_at" datetime(6) NOT NULL)[0m
  [1m[36mActiveRecord::SchemaMigration Create (0.3ms)[0m  [1m[32mINSERT INTO "schema_migrations" ("version") VALUES (?)[0m  [["version", "20230729130949"]]
  [1m[36mTRANSACTION (4.0ms)[0m  [1m[36mcommit transaction[0m
  [1m[36mActiveRecord::InternalMetadata Load (0.2ms)[0m  [1m[34mSELECT "ar_internal_metadata".* FROM "ar_internal_metadata" WHERE "ar_internal_metadata"."key" = ? LIMIT ?[0m  [["key", "environment"], ["LIMIT", 1]]
  [1m[36mTRANSACTION (0.1ms)[0m  [1m[36mbegin transaction[0m
  [1m[36mActiveRecord::InternalMetadata Create (0.3ms)[0m  [1m[32mINSERT INTO "ar_internal_metadata" ("key", "value", "created_at", "updated_at") VALUES (?, ?, ?, ?)[0m  [["key", "environment"], ["value", "development"], ["created_at", "2023-07-29 13:13:23.365198"], ["updated_at", "2023-07-29 13:13:23.365198"]]
  [1m[36mTRANSACTION (2.8ms)[0m  [1m[36mcommit transaction[0m
  [1m[36mActiveRecord::SchemaMigration Pluck (0.3ms)[0m  [1m[34mSELECT "schema_migrations"."version" FROM "schema_migrations" ORDER BY "schema_migrations"."version" ASC[0m
Started GET "/messages" for ::1 at 2023-07-29 18:43:54 +0530
  [1m[36mActiveRecord::SchemaMigration Pluck (0.2ms)[0m  [1m[34mSELECT "schema_migrations"."version" FROM "schema_migrations" ORDER BY "schema_migrations"."version" ASC[0m
Processing by MessagesController#index as HTML
  Rendering layout layouts/application.html.erb
  Rendering messages/index.html.erb within layouts/application
  [1m[36mMessage Load (0.2ms)[0m  [1m[34mSELECT "messages".* FROM "messages"[0m
  ↳ app/views/messages/index.html.erb:6
  Rendered messages/index.html.erb within layouts/application (Duration: 6.8ms | Allocations: 1807)
  Rendered layout layouts/application.html.erb (Duration: 355.0ms | Allocations: 94371)
Completed 200 OK in 387ms (Views: 361.3ms | ActiveRecord: 0.2ms | Allocations: 105409)


Started GET "/messages/new" for ::1 at 2023-07-29 18:49:47 +0530
  [1m[36mActiveRecord::SchemaMigration Pluck (0.3ms)[0m  [1m[34mSELECT "schema_migrations"."version" FROM "schema_migrations" ORDER BY "schema_migrations"."version" ASC[0m
Processing by MessagesController#new as HTML
  Rendering layout layouts/application.html.erb
  Rendering messages/new.html.erb within layouts/application
  Rendered messages/_form.html.erb (Duration: 22.6ms | Allocations: 4020)
  Rendered messages/new.html.erb within layouts/application (Duration: 24.4ms | Allocations: 4771)
  Rendered layout layouts/application.html.erb (Duration: 101.0ms | Allocations: 39050)
Completed 200 OK in 134ms (Views: 104.6ms | ActiveRecord: 0.8ms | Allocations: 63283)


Started POST "/messages" for ::1 at 2023-07-29 18:49:49 +0530
Processing by MessagesController#create as TURBO_STREAM
  Parameters: {"authenticity_token"=>"[FILTERED]", "message"=>{"name"=>"", "email"=>"", "description"=>""}, "commit"=>"Create Message"}
  [1m[36mTRANSACTION (0.1ms)[0m  [1m[36mbegin transaction[0m
  ↳ app/controllers/messages_controller.rb:27:in `block in create'
  [1m[36mMessage Exists? (0.2ms)[0m  [1m[34mSELECT 1 AS one FROM "messages" WHERE "messages"."email" = ? LIMIT ?[0m  [["email", ""], ["LIMIT", 1]]
  ↳ app/controllers/messages_controller.rb:27:in `block in create'
  [1m[36mTRANSACTION (0.1ms)[0m  [1m[31mrollback transaction[0m
  ↳ app/controllers/messages_controller.rb:27:in `block in create'
  Rendering layout layouts/application.html.erb
  Rendering messages/new.html.erb within layouts/application
  Rendered messages/_form.html.erb (Duration: 5.1ms | Allocations: 3914)
  Rendered messages/new.html.erb within layouts/application (Duration: 5.4ms | Allocations: 4016)
  Rendered layout layouts/application.html.erb (Duration: 8.7ms | Allocations: 6370)
Completed 422 Unprocessable Entity in 18ms (Views: 9.3ms | ActiveRecord: 0.4ms | Allocations: 11870)


Started POST "/messages" for ::1 at 2023-07-29 18:50:24 +0530
Processing by MessagesController#create as TURBO_STREAM
  Parameters: {"authenticity_token"=>"[FILTERED]", "message"=>{"name"=>"Trupti", "email"=>"trupti@gmail.com", "description"=>"test Message"}, "commit"=>"Create Message"}
  [1m[36mTRANSACTION (0.1ms)[0m  [1m[36mbegin transaction[0m
  ↳ app/controllers/messages_controller.rb:27:in `block in create'
  [1m[36mMessage Exists? (0.2ms)[0m  [1m[34mSELECT 1 AS one FROM "messages" WHERE "messages"."email" = ? LIMIT ?[0m  [["email", "trupti@gmail.com"], ["LIMIT", 1]]
  ↳ app/controllers/messages_controller.rb:27:in `block in create'
  [1m[36mMessage Create (0.4ms)[0m  [1m[32mINSERT INTO "messages" ("name", "email", "description", "created_at", "updated_at") VALUES (?, ?, ?, ?, ?)[0m  [["name", "Trupti"], ["email", "trupti@gmail.com"], ["description", "test Message"], ["created_at", "2023-07-29 13:20:24.296806"], ["updated_at", "2023-07-29 13:20:24.296806"]]
  ↳ app/controllers/messages_controller.rb:27:in `block in create'
  [1m[36mTRANSACTION (8.5ms)[0m  [1m[36mcommit transaction[0m
  ↳ app/controllers/messages_controller.rb:27:in `block in create'
Redirected to http://localhost:3000/messages/1
Completed 302 Found in 1828ms (ActiveRecord: 9.2ms | Allocations: 5589)


Started GET "/messages/1" for ::1 at 2023-07-29 18:50:26 +0530
Processing by MessagesController#show as TURBO_STREAM
  Parameters: {"id"=>"1"}
  [1m[36mMessage Load (0.2ms)[0m  [1m[34mSELECT "messages".* FROM "messages" WHERE "messages"."id" = ? LIMIT ?[0m  [["id", 1], ["LIMIT", 1]]
  ↳ app/controllers/messages_controller.rb:51:in `set_message'
  Rendering layout layouts/application.html.erb
  Rendering messages/show.html.erb within layouts/application
  Rendered messages/_message.html.erb (Duration: 0.7ms | Allocations: 297)
  Rendered messages/show.html.erb within layouts/application (Duration: 17.1ms | Allocations: 3561)
  Rendered layout layouts/application.html.erb (Duration: 20.1ms | Allocations: 5852)
Completed 200 OK in 24ms (Views: 20.7ms | ActiveRecord: 0.2ms | Allocations: 7541)


Started GET "/messages" for ::1 at 2023-07-29 18:52:08 +0530
  [1m[36mActiveRecord::SchemaMigration Pluck (0.2ms)[0m  [1m[34mSELECT "schema_migrations"."version" FROM "schema_migrations" ORDER BY "schema_migrations"."version" ASC[0m
Processing by MessagesController#index as HTML
  Rendering layout layouts/application.html.erb
  Rendering messages/index.html.erb within layouts/application
  [1m[36mMessage Load (0.2ms)[0m  [1m[34mSELECT "messages".* FROM "messages"[0m
  ↳ app/views/messages/index.html.erb:6
  Rendered messages/_message.html.erb (Duration: 0.8ms | Allocations: 332)
  Rendered messages/index.html.erb within layouts/application (Duration: 47.8ms | Allocations: 18904)
  Rendered layout layouts/application.html.erb (Duration: 123.7ms | Allocations: 53329)
Completed 200 OK in 141ms (Views: 126.2ms | ActiveRecord: 1.3ms | Allocations: 61472)


Started GET "/messages/new" for ::1 at 2023-07-29 18:52:11 +0530
Processing by MessagesController#new as HTML
  Rendering layout layouts/application.html.erb
  Rendering messages/new.html.erb within layouts/application
  Rendered messages/_form.html.erb (Duration: 7.2ms | Allocations: 3313)
  Rendered messages/new.html.erb within layouts/application (Duration: 8.3ms | Allocations: 3675)
  Rendered layout layouts/application.html.erb (Duration: 11.4ms | Allocations: 5981)
Completed 200 OK in 13ms (Views: 12.0ms | ActiveRecord: 0.0ms | Allocations: 6512)


Started POST "/messages" for ::1 at 2023-07-29 18:53:19 +0530
Processing by MessagesController#create as TURBO_STREAM
  Parameters: {"authenticity_token"=>"[FILTERED]", "message"=>{"name"=>"Trupti", "email"=>"Trupti12@gmail.com", "description"=>"Test message"}, "commit"=>"Create Message"}
  [1m[36mTRANSACTION (0.1ms)[0m  [1m[36mbegin transaction[0m
  ↳ app/controllers/messages_controller.rb:27:in `block in create'
  [1m[36mMessage Exists? (0.2ms)[0m  [1m[34mSELECT 1 AS one FROM "messages" WHERE "messages"."email" = ? LIMIT ?[0m  [["email", "Trupti12@gmail.com"], ["LIMIT", 1]]
  ↳ app/controllers/messages_controller.rb:27:in `block in create'
  [1m[36mMessage Create (0.3ms)[0m  [1m[32mINSERT INTO "messages" ("name", "email", "description", "created_at", "updated_at") VALUES (?, ?, ?, ?, ?)[0m  [["name", "Trupti"], ["email", "Trupti12@gmail.com"], ["description", "Test message"], ["created_at", "2023-07-29 13:23:19.786671"], ["updated_at", "2023-07-29 13:23:19.786671"]]
  ↳ app/controllers/messages_controller.rb:27:in `block in create'
  [1m[36mTRANSACTION (8.5ms)[0m  [1m[36mcommit transaction[0m
  ↳ app/controllers/messages_controller.rb:27:in `block in create'
Redirected to http://localhost:3000/messages/2
Completed 302 Found in 1656ms (ActiveRecord: 9.1ms | Allocations: 7883)


Started GET "/messages/2" for ::1 at 2023-07-29 18:53:21 +0530
Processing by MessagesController#show as TURBO_STREAM
  Parameters: {"id"=>"2"}
  [1m[36mMessage Load (0.2ms)[0m  [1m[34mSELECT "messages".* FROM "messages" WHERE "messages"."id" = ? LIMIT ?[0m  [["id", 2], ["LIMIT", 1]]
  ↳ app/controllers/messages_controller.rb:51:in `set_message'
  Rendering layout layouts/application.html.erb
  Rendering messages/show.html.erb within layouts/application
  Rendered messages/_message.html.erb (Duration: 0.1ms | Allocations: 24)
  Rendered messages/show.html.erb within layouts/application (Duration: 2.1ms | Allocations: 929)
  Rendered layout layouts/application.html.erb (Duration: 5.6ms | Allocations: 3214)
Completed 200 OK in 10ms (Views: 6.3ms | ActiveRecord: 0.2ms | Allocations: 4914)


Started GET "/" for ::1 at 2023-07-29 18:56:54 +0530
Processing by MessagesController#index as HTML
  Rendering layout layouts/application.html.erb
  Rendering messages/index.html.erb within layouts/application
  [1m[36mMessage Load (0.1ms)[0m  [1m[34mSELECT "messages".* FROM "messages"[0m
  ↳ app/views/messages/index.html.erb:6
  Rendered messages/_message.html.erb (Duration: 0.2ms | Allocations: 46)
  Rendered messages/index.html.erb within layouts/application (Duration: 26.7ms | Allocations: 7691)
  Rendered layout layouts/application.html.erb (Duration: 27.0ms | Allocations: 7781)
Completed 500 Internal Server Error in 32ms (ActiveRecord: 1.0ms | Allocations: 9560)


  
ActionView::Template::Error (undefined method `message_path' for #<ActionView::Base:0x0000000000f4b0>
Did you mean?  messages_path):
     6:   <% @messages.each do |message| %>
     7:     <%= render message %>
     8:     <p>
     9:       <%= link_to "Show this message", message %>
    10:     </p>
    11:   <% end %>
    12: </div>
  
app/views/messages/index.html.erb:9
app/views/messages/index.html.erb:6
Started GET "/" for ::1 at 2023-07-29 18:57:09 +0530
Processing by MessagesController#index as HTML
  Rendering layout layouts/application.html.erb
  Rendering messages/index.html.erb within layouts/application
  [1m[36mMessage Load (0.2ms)[0m  [1m[34mSELECT "messages".* FROM "messages"[0m
  ↳ app/views/messages/index.html.erb:6
  Rendered messages/_message.html.erb (Duration: 0.2ms | Allocations: 46)
  Rendered messages/_message.html.erb (Duration: 0.2ms | Allocations: 20)
  Rendered messages/index.html.erb within layouts/application (Duration: 8.9ms | Allocations: 3406)
  Rendered layout layouts/application.html.erb (Duration: 23.3ms | Allocations: 17069)
Completed 200 OK in 28ms (Views: 24.9ms | ActiveRecord: 1.0ms | Allocations: 18858)


Started GET "/" for ::1 at 2023-07-29 19:01:38 +0530
Processing by MessagesController#index as HTML
  Rendering layout layouts/application.html.erb
  Rendering messages/index.html.erb within layouts/application
  [1m[36mMessage Load (0.1ms)[0m  [1m[34mSELECT "messages".* FROM "messages"[0m
  ↳ app/views/messages/index.html.erb:13
  Rendered messages/_message.html.erb (Duration: 1.2ms | Allocations: 332)
  Rendered messages/_message.html.erb (Duration: 0.2ms | Allocations: 56)
  Rendered messages/index.html.erb within layouts/application (Duration: 4.4ms | Allocations: 1743)
  Rendered layout layouts/application.html.erb (Duration: 10.2ms | Allocations: 4373)
Completed 200 OK in 13ms (Views: 11.9ms | ActiveRecord: 0.1ms | Allocations: 5628)


Started GET "/" for ::1 at 2023-07-29 19:03:46 +0530
Processing by MessagesController#index as HTML
  Rendering layout layouts/application.html.erb
  Rendering messages/index.html.erb within layouts/application
  [1m[36mMessage Load (0.2ms)[0m  [1m[34mSELECT "messages".* FROM "messages"[0m
  ↳ app/views/messages/index.html.erb:13
  Rendered messages/_message.html.erb (Duration: 0.9ms | Allocations: 328)
  Rendered messages/_message.html.erb (Duration: 0.1ms | Allocations: 56)
  Rendered messages/index.html.erb within layouts/application (Duration: 4.4ms | Allocations: 1746)
  Rendered layout layouts/application.html.erb (Duration: 9.0ms | Allocations: 4377)
Completed 200 OK in 13ms (Views: 11.1ms | ActiveRecord: 0.2ms | Allocations: 5630)


Started GET "/" for ::1 at 2023-07-29 19:06:22 +0530
Processing by MessagesController#index as HTML
  Rendering layout layouts/application.html.erb
  Rendering messages/index.html.erb within layouts/application
  [1m[36mMessage Load (0.2ms)[0m  [1m[34mSELECT "messages".* FROM "messages"[0m
  ↳ app/views/messages/index.html.erb:13
  Rendered messages/_message.html.erb (Duration: 0.4ms | Allocations: 72)
  Rendered messages/_message.html.erb (Duration: 0.2ms | Allocations: 56)
  Rendered messages/index.html.erb within layouts/application (Duration: 3.7ms | Allocations: 975)
  Rendered layout layouts/application.html.erb (Duration: 14.5ms | Allocations: 5637)
Completed 200 OK in 16ms (Views: 14.9ms | ActiveRecord: 0.2ms | Allocations: 5984)


Started GET "/" for ::1 at 2023-07-29 19:06:38 +0530
Processing by MessagesController#index as HTML
  Rendering layout layouts/application.html.erb
  Rendering messages/index.html.erb within layouts/application
  [1m[36mMessage Load (0.2ms)[0m  [1m[34mSELECT "messages".* FROM "messages"[0m
  ↳ app/views/messages/index.html.erb:13
  Rendered messages/_message.html.erb (Duration: 0.4ms | Allocations: 72)
  Rendered messages/_message.html.erb (Duration: 0.3ms | Allocations: 56)
  Rendered messages/index.html.erb within layouts/application (Duration: 3.4ms | Allocations: 979)
  Rendered layout layouts/application.html.erb (Duration: 11.4ms | Allocations: 4498)
Completed 200 OK in 13ms (Views: 12.1ms | ActiveRecord: 0.2ms | Allocations: 4824)


Started GET "/" for ::1 at 2023-07-29 19:07:08 +0530
Processing by MessagesController#index as HTML
  Rendering layout layouts/application.html.erb
  Rendering messages/index.html.erb within layouts/application
  [1m[36mMessage Load (0.1ms)[0m  [1m[34mSELECT "messages".* FROM "messages"[0m
  ↳ app/views/messages/index.html.erb:16
  Rendered messages/_message.html.erb (Duration: 1.0ms | Allocations: 268)
  Rendered messages/_message.html.erb (Duration: 0.2ms | Allocations: 56)
  Rendered messages/index.html.erb within layouts/application (Duration: 4.6ms | Allocations: 1738)
  Rendered layout layouts/application.html.erb (Duration: 9.1ms | Allocations: 4382)
Completed 200 OK in 12ms (Views: 11.2ms | ActiveRecord: 0.1ms | Allocations: 5600)


Started GET "/" for ::1 at 2023-07-29 19:07:25 +0530
Processing by MessagesController#index as HTML
  Rendering layout layouts/application.html.erb
  Rendering messages/index.html.erb within layouts/application
  [1m[36mMessage Load (0.1ms)[0m  [1m[34mSELECT "messages".* FROM "messages"[0m
  ↳ app/views/messages/index.html.erb:16
  Rendered messages/_message.html.erb (Duration: 0.7ms | Allocations: 268)
  Rendered messages/_message.html.erb (Duration: 0.1ms | Allocations: 56)
  Rendered messages/index.html.erb within layouts/application (Duration: 3.8ms | Allocations: 1750)
  Rendered layout layouts/application.html.erb (Duration: 9.0ms | Allocations: 4380)
Completed 200 OK in 13ms (Views: 11.0ms | ActiveRecord: 0.1ms | Allocations: 5619)


Started GET "/" for ::1 at 2023-07-29 19:07:31 +0530
Processing by MessagesController#index as HTML
  Rendering layout layouts/application.html.erb
  Rendering messages/index.html.erb within layouts/application
  [1m[36mMessage Load (0.2ms)[0m  [1m[34mSELECT "messages".* FROM "messages"[0m
  ↳ app/views/messages/index.html.erb:15
  Rendered messages/_message.html.erb (Duration: 1.4ms | Allocations: 268)
  Rendered messages/_message.html.erb (Duration: 0.3ms | Allocations: 56)
  Rendered messages/index.html.erb within layouts/application (Duration: 5.6ms | Allocations: 1736)
  Rendered layout layouts/application.html.erb (Duration: 11.1ms | Allocations: 4366)
Completed 200 OK in 14ms (Views: 12.9ms | ActiveRecord: 0.2ms | Allocations: 5605)


Started GET "/messages/1" for ::1 at 2023-07-29 19:07:39 +0530
Processing by MessagesController#show as HTML
  Parameters: {"id"=>"1"}
  [1m[36mMessage Load (0.2ms)[0m  [1m[34mSELECT "messages".* FROM "messages" WHERE "messages"."id" = ? LIMIT ?[0m  [["id", 1], ["LIMIT", 1]]
  ↳ app/controllers/messages_controller.rb:50:in `set_message'
  Rendering layout layouts/application.html.erb
  Rendering messages/show.html.erb within layouts/application
  Rendered messages/_message.html.erb (Duration: 0.2ms | Allocations: 72)
  Rendered messages/show.html.erb within layouts/application (Duration: 1.9ms | Allocations: 773)
  Rendered layout layouts/application.html.erb (Duration: 5.1ms | Allocations: 2949)
Completed 200 OK in 8ms (Views: 5.7ms | ActiveRecord: 0.2ms | Allocations: 4481)


Started GET "/messages" for ::1 at 2023-07-29 19:07:45 +0530
Processing by MessagesController#index as HTML
  Rendering layout layouts/application.html.erb
  Rendering messages/index.html.erb within layouts/application
  [1m[36mMessage Load (0.1ms)[0m  [1m[34mSELECT "messages".* FROM "messages"[0m
  ↳ app/views/messages/index.html.erb:15
  Rendered messages/_message.html.erb (Duration: 0.2ms | Allocations: 57)
  Rendered messages/_message.html.erb (Duration: 0.2ms | Allocations: 56)
  Rendered messages/index.html.erb within layouts/application (Duration: 2.5ms | Allocations: 975)
  Rendered layout layouts/application.html.erb (Duration: 6.4ms | Allocations: 3172)
Completed 200 OK in 8ms (Views: 7.0ms | ActiveRecord: 0.1ms | Allocations: 3501)


Started GET "/messages/1" for ::1 at 2023-07-29 19:08:04 +0530
Processing by MessagesController#show as HTML
  Parameters: {"id"=>"1"}
  [1m[36mMessage Load (0.1ms)[0m  [1m[34mSELECT "messages".* FROM "messages" WHERE "messages"."id" = ? LIMIT ?[0m  [["id", 1], ["LIMIT", 1]]
  ↳ app/controllers/messages_controller.rb:50:in `set_message'
  Rendering layout layouts/application.html.erb
  Rendering messages/show.html.erb within layouts/application
  Rendered messages/_message.html.erb (Duration: 0.3ms | Allocations: 72)
  Rendered messages/show.html.erb within layouts/application (Duration: 1.6ms | Allocations: 583)
  Rendered layout layouts/application.html.erb (Duration: 5.5ms | Allocations: 2773)
Completed 200 OK in 8ms (Views: 6.1ms | ActiveRecord: 0.1ms | Allocations: 3535)


Started GET "/messages" for ::1 at 2023-07-29 19:08:35 +0530
Processing by MessagesController#index as HTML
  Rendering layout layouts/application.html.erb
  Rendering messages/index.html.erb within layouts/application
  [1m[36mMessage Load (0.2ms)[0m  [1m[34mSELECT "messages".* FROM "messages"[0m
  ↳ app/views/messages/index.html.erb:15
  Rendered messages/_message.html.erb (Duration: 1.2ms | Allocations: 199)
  Rendered messages/_message.html.erb (Duration: 0.1ms | Allocations: 20)
  Rendered messages/index.html.erb within layouts/application (Duration: 6.1ms | Allocations: 1641)
  Rendered layout layouts/application.html.erb (Duration: 11.6ms | Allocations: 4271)
Completed 200 OK in 15ms (Views: 13.8ms | ActiveRecord: 0.2ms | Allocations: 5494)


Started GET "/messages" for ::1 at 2023-07-29 19:08:48 +0530
Processing by MessagesController#index as HTML
  Rendering layout layouts/application.html.erb
  Rendering messages/index.html.erb within layouts/application
  [1m[36mMessage Load (0.2ms)[0m  [1m[34mSELECT "messages".* FROM "messages"[0m
  ↳ app/views/messages/index.html.erb:14
  Rendered messages/_message.html.erb (Duration: 0.6ms | Allocations: 199)
  Rendered messages/_message.html.erb (Duration: 0.1ms | Allocations: 20)
  Rendered messages/index.html.erb within layouts/application (Duration: 4.6ms | Allocations: 1630)
  Rendered layout layouts/application.html.erb (Duration: 8.6ms | Allocations: 4260)
Completed 200 OK in 12ms (Views: 10.5ms | ActiveRecord: 0.2ms | Allocations: 5499)


Started GET "/" for ::1 at 2023-07-29 19:14:51 +0530
  [1m[36mActiveRecord::SchemaMigration Pluck (0.3ms)[0m  [1m[34mSELECT "schema_migrations"."version" FROM "schema_migrations" ORDER BY "schema_migrations"."version" ASC[0m
Processing by MessagesController#index as HTML
  Rendering layout layouts/application.html.erb
  Rendering messages/index.html.erb within layouts/application
  [1m[36mMessage Load (0.2ms)[0m  [1m[34mSELECT "messages".* FROM "messages"[0m
  ↳ app/views/messages/index.html.erb:14
  Rendered messages/_message.html.erb (Duration: 0.7ms | Allocations: 278)
  Rendered messages/_message.html.erb (Duration: 0.1ms | Allocations: 20)
  Rendered messages/index.html.erb within layouts/application (Duration: 32.0ms | Allocations: 18846)
  Rendered layout layouts/application.html.erb (Duration: 139.1ms | Allocations: 57411)
Completed 200 OK in 155ms (Views: 142.1ms | ActiveRecord: 1.3ms | Allocations: 65491)


Started GET "/messages/new" for ::1 at 2023-07-29 19:14:55 +0530
Processing by MessagesController#new as HTML
  Rendering layout layouts/application.html.erb
  Rendering messages/new.html.erb within layouts/application
  Rendered messages/_form.html.erb (Duration: 4.9ms | Allocations: 3311)
  Rendered messages/new.html.erb within layouts/application (Duration: 6.0ms | Allocations: 3676)
  Rendered layout layouts/application.html.erb (Duration: 9.4ms | Allocations: 5982)
Completed 200 OK in 11ms (Views: 10.0ms | ActiveRecord: 0.0ms | Allocations: 6512)


Started POST "/messages" for ::1 at 2023-07-29 19:15:12 +0530
Processing by MessagesController#create as TURBO_STREAM
  Parameters: {"authenticity_token"=>"[FILTERED]", "message"=>{"name"=>"Test", "email"=>"Test", "description"=>"Test description"}, "commit"=>"Create Message"}
  [1m[36mTRANSACTION (0.1ms)[0m  [1m[36mbegin transaction[0m
  ↳ app/controllers/messages_controller.rb:18:in `block in create'
  [1m[36mMessage Exists? (0.2ms)[0m  [1m[34mSELECT 1 AS one FROM "messages" WHERE "messages"."email" = ? LIMIT ?[0m  [["email", "Test"], ["LIMIT", 1]]
  ↳ app/controllers/messages_controller.rb:18:in `block in create'
  [1m[36mMessage Create (0.5ms)[0m  [1m[32mINSERT INTO "messages" ("name", "email", "description", "created_at", "updated_at") VALUES (?, ?, ?, ?, ?)[0m  [["name", "Test"], ["email", "Test"], ["description", "Test description"], ["created_at", "2023-07-29 13:45:12.212580"], ["updated_at", "2023-07-29 13:45:12.212580"]]
  ↳ app/controllers/messages_controller.rb:18:in `block in create'
  [1m[36mTRANSACTION (2.8ms)[0m  [1m[36mcommit transaction[0m
  ↳ app/controllers/messages_controller.rb:18:in `block in create'
Redirected to http://localhost:3000/messages/3
Completed 302 Found in 1683ms (ActiveRecord: 3.6ms | Allocations: 7917)


Started GET "/messages/3" for ::1 at 2023-07-29 19:15:13 +0530
  
AbstractController::ActionNotFound (The action 'show' could not be found for MessagesController):
  
actionpack (7.0.6) lib/abstract_controller/base.rb:146:in `process'
actionview (7.0.6) lib/action_view/rendering.rb:39:in `process'
actionpack (7.0.6) lib/action_controller/metal.rb:188:in `dispatch'
actionpack (7.0.6) lib/action_controller/metal.rb:251:in `dispatch'
actionpack (7.0.6) lib/action_dispatch/routing/route_set.rb:49:in `dispatch'
actionpack (7.0.6) lib/action_dispatch/routing/route_set.rb:32:in `serve'
actionpack (7.0.6) lib/action_dispatch/journey/router.rb:50:in `block in serve'
actionpack (7.0.6) lib/action_dispatch/journey/router.rb:32:in `each'
actionpack (7.0.6) lib/action_dispatch/journey/router.rb:32:in `serve'
actionpack (7.0.6) lib/action_dispatch/routing/route_set.rb:852:in `call'
rack (2.2.7) lib/rack/tempfile_reaper.rb:15:in `call'
rack (2.2.7) lib/rack/etag.rb:27:in `call'
rack (2.2.7) lib/rack/conditional_get.rb:27:in `call'
rack (2.2.7) lib/rack/head.rb:12:in `call'
actionpack (7.0.6) lib/action_dispatch/http/permissions_policy.rb:38:in `call'
actionpack (7.0.6) lib/action_dispatch/http/content_security_policy.rb:36:in `call'
rack (2.2.7) lib/rack/session/abstract/id.rb:266:in `context'
rack (2.2.7) lib/rack/session/abstract/id.rb:260:in `call'
actionpack (7.0.6) lib/action_dispatch/middleware/cookies.rb:704:in `call'
activerecord (7.0.6) lib/active_record/migration.rb:603:in `call'
actionpack (7.0.6) lib/action_dispatch/middleware/callbacks.rb:27:in `block in call'
activesupport (7.0.6) lib/active_support/callbacks.rb:99:in `run_callbacks'
actionpack (7.0.6) lib/action_dispatch/middleware/callbacks.rb:26:in `call'
actionpack (7.0.6) lib/action_dispatch/middleware/executor.rb:14:in `call'
actionpack (7.0.6) lib/action_dispatch/middleware/actionable_exceptions.rb:17:in `call'
actionpack (7.0.6) lib/action_dispatch/middleware/debug_exceptions.rb:28:in `call'
web-console (4.2.0) lib/web_console/middleware.rb:132:in `call_app'
web-console (4.2.0) lib/web_console/middleware.rb:28:in `block in call'
web-console (4.2.0) lib/web_console/middleware.rb:17:in `catch'
web-console (4.2.0) lib/web_console/middleware.rb:17:in `call'
actionpack (7.0.6) lib/action_dispatch/middleware/show_exceptions.rb:29:in `call'
railties (7.0.6) lib/rails/rack/logger.rb:40:in `call_app'
railties (7.0.6) lib/rails/rack/logger.rb:25:in `block in call'
activesupport (7.0.6) lib/active_support/tagged_logging.rb:99:in `block in tagged'
activesupport (7.0.6) lib/active_support/tagged_logging.rb:37:in `tagged'
activesupport (7.0.6) lib/active_support/tagged_logging.rb:99:in `tagged'
railties (7.0.6) lib/rails/rack/logger.rb:25:in `call'
sprockets-rails (3.4.2) lib/sprockets/rails/quiet_assets.rb:13:in `call'
actionpack (7.0.6) lib/action_dispatch/middleware/remote_ip.rb:93:in `call'
actionpack (7.0.6) lib/action_dispatch/middleware/request_id.rb:26:in `call'
rack (2.2.7) lib/rack/method_override.rb:24:in `call'
rack (2.2.7) lib/rack/runtime.rb:22:in `call'
activesupport (7.0.6) lib/active_support/cache/strategy/local_cache_middleware.rb:29:in `call'
actionpack (7.0.6) lib/action_dispatch/middleware/server_timing.rb:61:in `block in call'
actionpack (7.0.6) lib/action_dispatch/middleware/server_timing.rb:26:in `collect_events'
actionpack (7.0.6) lib/action_dispatch/middleware/server_timing.rb:60:in `call'
actionpack (7.0.6) lib/action_dispatch/middleware/executor.rb:14:in `call'
actionpack (7.0.6) lib/action_dispatch/middleware/static.rb:23:in `call'
rack (2.2.7) lib/rack/sendfile.rb:110:in `call'
actionpack (7.0.6) lib/action_dispatch/middleware/host_authorization.rb:137:in `call'
railties (7.0.6) lib/rails/engine.rb:530:in `call'
puma (5.6.6) lib/puma/configuration.rb:252:in `call'
puma (5.6.6) lib/puma/request.rb:77:in `block in handle_request'
puma (5.6.6) lib/puma/thread_pool.rb:340:in `with_force_shutdown'
puma (5.6.6) lib/puma/request.rb:76:in `handle_request'
puma (5.6.6) lib/puma/server.rb:443:in `process_client'
puma (5.6.6) lib/puma/thread_pool.rb:147:in `block in spawn_thread'
Started GET "/messages/new" for ::1 at 2023-07-29 19:15:14 +0530
Processing by MessagesController#new as HTML
  Rendering layout layouts/application.html.erb
  Rendering messages/new.html.erb within layouts/application
  Rendered messages/_form.html.erb (Duration: 2.6ms | Allocations: 1349)
  Rendered messages/new.html.erb within layouts/application (Duration: 3.1ms | Allocations: 1436)
  Rendered layout layouts/application.html.erb (Duration: 7.4ms | Allocations: 3734)
Completed 200 OK in 9ms (Views: 8.5ms | ActiveRecord: 0.0ms | Allocations: 4107)


Started GET "/messages" for ::1 at 2023-07-29 19:15:54 +0530
Processing by MessagesController#index as HTML
  Rendering layout layouts/application.html.erb
  Rendering messages/index.html.erb within layouts/application
  [1m[36mMessage Load (0.2ms)[0m  [1m[34mSELECT "messages".* FROM "messages"[0m
  ↳ app/views/messages/index.html.erb:14
  Rendered messages/_message.html.erb (Duration: 0.2ms | Allocations: 45)
  Rendered messages/_message.html.erb (Duration: 0.1ms | Allocations: 20)
  Rendered messages/_message.html.erb (Duration: 0.3ms | Allocations: 20)
  Rendered messages/index.html.erb within layouts/application (Duration: 12.0ms | Allocations: 3463)
  Rendered layout layouts/application.html.erb (Duration: 25.6ms | Allocations: 17114)
Completed 200 OK in 30ms (Views: 27.7ms | ActiveRecord: 1.7ms | Allocations: 18845)


Started GET "/messages/new" for ::1 at 2023-07-29 19:15:58 +0530
Processing by MessagesController#new as HTML
  Rendering layout layouts/application.html.erb
  Rendering messages/new.html.erb within layouts/application
  Rendered messages/_form.html.erb (Duration: 4.3ms | Allocations: 1312)
  Rendered messages/new.html.erb within layouts/application (Duration: 4.9ms | Allocations: 1401)
  Rendered layout layouts/application.html.erb (Duration: 9.9ms | Allocations: 3585)
Completed 200 OK in 12ms (Views: 10.8ms | ActiveRecord: 0.0ms | Allocations: 3948)


Started POST "/messages" for ::1 at 2023-07-29 19:16:12 +0530
Processing by MessagesController#create as TURBO_STREAM
  Parameters: {"authenticity_token"=>"[FILTERED]", "message"=>{"name"=>"test", "email"=>"test", "description"=>"test"}, "commit"=>"Create Message"}
  [1m[36mTRANSACTION (0.1ms)[0m  [1m[36mbegin transaction[0m
  ↳ app/controllers/messages_controller.rb:18:in `block in create'
  [1m[36mMessage Exists? (0.2ms)[0m  [1m[34mSELECT 1 AS one FROM "messages" WHERE "messages"."email" = ? LIMIT ?[0m  [["email", "test"], ["LIMIT", 1]]
  ↳ app/controllers/messages_controller.rb:18:in `block in create'
  [1m[36mMessage Create (0.3ms)[0m  [1m[32mINSERT INTO "messages" ("name", "email", "description", "created_at", "updated_at") VALUES (?, ?, ?, ?, ?)[0m  [["name", "test"], ["email", "test"], ["description", "test"], ["created_at", "2023-07-29 13:46:12.184108"], ["updated_at", "2023-07-29 13:46:12.184108"]]
  ↳ app/controllers/messages_controller.rb:18:in `block in create'
  [1m[36mTRANSACTION (8.0ms)[0m  [1m[36mcommit transaction[0m
  ↳ app/controllers/messages_controller.rb:18:in `block in create'
Redirected to http://localhost:3000/messages
Completed 302 Found in 1639ms (ActiveRecord: 8.5ms | Allocations: 4542)


Started GET "/messages" for ::1 at 2023-07-29 19:16:13 +0530
Processing by MessagesController#index as TURBO_STREAM
  Rendering layout layouts/application.html.erb
  Rendering messages/index.html.erb within layouts/application
  [1m[36mMessage Load (0.1ms)[0m  [1m[34mSELECT "messages".* FROM "messages"[0m
  ↳ app/views/messages/index.html.erb:14
  Rendered messages/_message.html.erb (Duration: 0.2ms | Allocations: 21)
  Rendered messages/_message.html.erb (Duration: 0.1ms | Allocations: 20)
  Rendered messages/_message.html.erb (Duration: 0.1ms | Allocations: 20)
  Rendered messages/_message.html.erb (Duration: 0.1ms | Allocations: 20)
  Rendered messages/index.html.erb within layouts/application (Duration: 4.3ms | Allocations: 1162)
  Rendered layout layouts/application.html.erb (Duration: 7.8ms | Allocations: 3359)
Completed 200 OK in 9ms (Views: 8.3ms | ActiveRecord: 0.1ms | Allocations: 3738)


Started GET "/messages/new" for ::1 at 2023-07-29 19:17:18 +0530
Processing by MessagesController#new as HTML
  Rendering layout layouts/application.html.erb
  Rendering messages/new.html.erb within layouts/application
  Rendered messages/_form.html.erb (Duration: 3.0ms | Allocations: 1441)
  Rendered messages/new.html.erb within layouts/application (Duration: 3.4ms | Allocations: 1550)
  Rendered layout layouts/application.html.erb (Duration: 21.7ms | Allocations: 15097)
Completed 200 OK in 34ms (Views: 24.1ms | ActiveRecord: 1.0ms | Allocations: 18897)


Started POST "/messages" for ::1 at 2023-07-29 19:17:19 +0530
Processing by MessagesController#create as TURBO_STREAM
  Parameters: {"authenticity_token"=>"[FILTERED]", "message"=>{"name"=>"", "email"=>"", "description"=>""}, "commit"=>"Create Message"}
  [1m[36mTRANSACTION (0.1ms)[0m  [1m[36mbegin transaction[0m
  ↳ app/controllers/messages_controller.rb:18:in `block in create'
  [1m[36mMessage Exists? (0.2ms)[0m  [1m[34mSELECT 1 AS one FROM "messages" WHERE "messages"."email" = ? LIMIT ?[0m  [["email", ""], ["LIMIT", 1]]
  ↳ app/controllers/messages_controller.rb:18:in `block in create'
  [1m[36mTRANSACTION (0.1ms)[0m  [1m[31mrollback transaction[0m
  ↳ app/controllers/messages_controller.rb:18:in `block in create'
  Rendering layout layouts/application.html.erb
  Rendering messages/new.html.erb within layouts/application
  Rendered messages/_form.html.erb (Duration: 34.7ms | Allocations: 4667)
  Rendered messages/new.html.erb within layouts/application (Duration: 35.1ms | Allocations: 4761)
  Rendered layout layouts/application.html.erb (Duration: 57.3ms | Allocations: 6994)
Completed 422 Unprocessable Entity in 65ms (Views: 58.1ms | ActiveRecord: 0.3ms | Allocations: 10511)


Started POST "/messages" for ::1 at 2023-07-29 19:17:27 +0530
Processing by MessagesController#create as TURBO_STREAM
  Parameters: {"authenticity_token"=>"[FILTERED]", "message"=>{"name"=>"", "email"=>"werwer", "description"=>""}, "commit"=>"Create Message"}
  [1m[36mTRANSACTION (0.1ms)[0m  [1m[36mbegin transaction[0m
  ↳ app/controllers/messages_controller.rb:18:in `block in create'
  [1m[36mMessage Exists? (0.2ms)[0m  [1m[34mSELECT 1 AS one FROM "messages" WHERE "messages"."email" = ? LIMIT ?[0m  [["email", "werwer"], ["LIMIT", 1]]
  ↳ app/controllers/messages_controller.rb:18:in `block in create'
  [1m[36mTRANSACTION (0.1ms)[0m  [1m[31mrollback transaction[0m
  ↳ app/controllers/messages_controller.rb:18:in `block in create'
  Rendering layout layouts/application.html.erb
  Rendering messages/new.html.erb within layouts/application
  Rendered messages/_form.html.erb (Duration: 5.1ms | Allocations: 3661)
  Rendered messages/new.html.erb within layouts/application (Duration: 5.4ms | Allocations: 3755)
  Rendered layout layouts/application.html.erb (Duration: 8.3ms | Allocations: 6000)
Completed 422 Unprocessable Entity in 47ms (Views: 8.9ms | ActiveRecord: 0.4ms | Allocations: 8829)


